<?xml version="1.0" encoding="UTF-8"?>
<!-- Generated by org.testng.reporters.JUnitXMLReporter -->
<testsuite hostname="GEPPARLA-IN" ignored="0" name="Default test" tests="3" failures="0" timestamp="21 Feb 2020 18:28:26 GMT" time="110.109" errors="0">
  <testcase name="autoITdemo" time="25.67" classname="AutoITPractice.AutoItDemo"/>
  <testcase name="autoITdemo" time="25.335" classname="AutoITPractice.AutoItDemo"/>
  <testcase name="autoITdemo" time="26.28" classname="AutoITPractice.AutoItDemo"/>
</testsuite> <!-- Default test -->
