<?xml version="1.0" encoding="UTF-8"?>
<testng-results skipped="0" failed="0" ignored="0" total="1" passed="1">
  <reporter-output>
  </reporter-output>
  <suite name="Default suite" duration-ms="34380" started-at="2020-09-23T09:36:54Z" finished-at="2020-09-23T09:37:28Z">
    <groups>
    </groups>
    <test name="Default test" duration-ms="34380" started-at="2020-09-23T09:36:54Z" finished-at="2020-09-23T09:37:28Z">
      <class name="com.tpm.TPMProjectTest">
        <test-method status="PASS" signature="beforeMethod()[pri:0, instance:com.tpm.TPMProjectTest@685cb137]" name="beforeMethod" is-config="true" duration-ms="7592" started-at="2020-09-23T09:36:54Z" finished-at="2020-09-23T09:37:01Z">
          <reporter-output>
          </reporter-output>
        </test-method> <!-- beforeMethod -->
        <test-method status="PASS" signature="Test1()[pri:0, instance:com.tpm.TPMProjectTest@685cb137]" name="Test1" duration-ms="26339" started-at="2020-09-23T09:37:01Z" finished-at="2020-09-23T09:37:28Z">
          <reporter-output>
          </reporter-output>
        </test-method> <!-- Test1 -->
        <test-method status="PASS" signature="afterMethod(org.testng.ITestResult)[pri:0, instance:com.tpm.TPMProjectTest@685cb137]" name="afterMethod" is-config="true" duration-ms="395" started-at="2020-09-23T09:37:28Z" finished-at="2020-09-23T09:37:28Z">
          <params>
            <param index="0">
              <value>
                <![CDATA[[TestResult name=Test1 status=SUCCESS method=TPMProjectTest.Test1()[pri:0, instance:com.tpm.TPMProjectTest@685cb137] output={null}]]]>
              </value>
            </param>
          </params>
          <reporter-output>
          </reporter-output>
        </test-method> <!-- afterMethod -->
      </class> <!-- com.tpm.TPMProjectTest -->
    </test> <!-- Default test -->
  </suite> <!-- Default suite -->
</testng-results>
